Determining if the pthread_create exist failed with the following output:
Change Dir: /home/leo/mobile-robots-module/ros/catkin_ws/build/CMakeFiles/CMakeTmp

Run Build Command:"/usr/bin/make" "cmTC_63f4c/fast"
/usr/bin/make -f CMakeFiles/cmTC_63f4c.dir/build.make CMakeFiles/cmTC_63f4c.dir/build
make[1]: se entra en el directorio '/home/leo/mobile-robots-module/ros/catkin_ws/build/CMakeFiles/CMakeTmp'
Building C object CMakeFiles/cmTC_63f4c.dir/CheckSymbolExists.c.o
/usr/bin/cc    -o CMakeFiles/cmTC_63f4c.dir/CheckSymbolExists.c.o   -c /home/leo/mobile-robots-module/ros/catkin_ws/build/CMakeFiles/CMakeTmp/CheckSymbolExists.c
Linking C executable cmTC_63f4c
/usr/bin/cmake -E cmake_link_script CMakeFiles/cmTC_63f4c.dir/link.txt --verbose=1
/usr/bin/cc      -rdynamic CMakeFiles/cmTC_63f4c.dir/CheckSymbolExists.c.o  -o cmTC_63f4c 
CMakeFiles/cmTC_63f4c.dir/CheckSymbolExists.c.o: En la función `main':
CheckSymbolExists.c:(.text+0x1b): referencia a `pthread_create' sin definir
collect2: error: ld returned 1 exit status
CMakeFiles/cmTC_63f4c.dir/build.make:97: fallo en las instrucciones para el objetivo 'cmTC_63f4c'
make[1]: *** [cmTC_63f4c] Error 1
make[1]: se sale del directorio '/home/leo/mobile-robots-module/ros/catkin_ws/build/CMakeFiles/CMakeTmp'
Makefile:126: fallo en las instrucciones para el objetivo 'cmTC_63f4c/fast'
make: *** [cmTC_63f4c/fast] Error 2

File /home/leo/mobile-robots-module/ros/catkin_ws/build/CMakeFiles/CMakeTmp/CheckSymbolExists.c:
/* */
#include <pthread.h>

int main(int argc, char** argv)
{
  (void)argv;
#ifndef pthread_create
  return ((int*)(&pthread_create))[argc];
#else
  (void)argc;
  return 0;
#endif
}

Determining if the function pthread_create exists in the pthreads failed with the following output:
Change Dir: /home/leo/mobile-robots-module/ros/catkin_ws/build/CMakeFiles/CMakeTmp

Run Build Command:"/usr/bin/make" "cmTC_1b65d/fast"
/usr/bin/make -f CMakeFiles/cmTC_1b65d.dir/build.make CMakeFiles/cmTC_1b65d.dir/build
make[1]: se entra en el directorio '/home/leo/mobile-robots-module/ros/catkin_ws/build/CMakeFiles/CMakeTmp'
Building C object CMakeFiles/cmTC_1b65d.dir/CheckFunctionExists.c.o
/usr/bin/cc   -DCHECK_FUNCTION_EXISTS=pthread_create   -o CMakeFiles/cmTC_1b65d.dir/CheckFunctionExists.c.o   -c /usr/share/cmake-3.10/Modules/CheckFunctionExists.c
Linking C executable cmTC_1b65d
/usr/bin/cmake -E cmake_link_script CMakeFiles/cmTC_1b65d.dir/link.txt --verbose=1
/usr/bin/cc  -DCHECK_FUNCTION_EXISTS=pthread_create    -rdynamic CMakeFiles/cmTC_1b65d.dir/CheckFunctionExists.c.o  -o cmTC_1b65d -lpthreads 
/usr/bin/ld: no se puede encontrar -lpthreads
collect2: error: ld returned 1 exit status
CMakeFiles/cmTC_1b65d.dir/build.make:97: fallo en las instrucciones para el objetivo 'cmTC_1b65d'
make[1]: *** [cmTC_1b65d] Error 1
make[1]: se sale del directorio '/home/leo/mobile-robots-module/ros/catkin_ws/build/CMakeFiles/CMakeTmp'
Makefile:126: fallo en las instrucciones para el objetivo 'cmTC_1b65d/fast'
make: *** [cmTC_1b65d/fast] Error 2


